<?xml version="1.0" encoding="UTF-8"?>
<!-- Generated by org.testng.reporters.JUnitXMLReporter -->
<testsuite hostname="Ami-PC" name="Command line test" tests="5" failures="0" timestamp="7 Mar 2016 21:43:03 GMT" time="6.303" errors="0">
  <testcase name="" time="0.659" classname="gapp.model.dao.ApplicationDaoTest$ApplicationTests"/>
  <testcase name="" time="0.0" classname="gapp.model.dao.ApplicationDaoTest$ApplicationTests"/>
  <testcase name="" time="0.008" classname="gapp.model.dao.DepartmentDaoTest$DepartmentDaoTests"/>
  <testcase name="" time="0.01" classname="gapp.model.dao.UserDaoTest$UserDaoTests"/>
  <testcase name="" time="0.007" classname="gapp.model.dao.UserDaoTest$UserDaoTests"/>
</testsuite> <!-- Command line test -->
