<?xml version="1.0" encoding="UTF-8" ?>
<testsuite failures="0" time="0.682" errors="0" skipped="0" tests="5" name="TestSuite">
  <properties>
[...]
</properties>
  <testcase time="0.666" classname="gapp.model.dao.ApplicationDaoTest$ApplicationTests" name="(gapp.model.dao.ApplicationDaoTest$ApplicationTests)"/>
  <testcase time="0" classname="gapp.model.dao.ApplicationDaoTest$ApplicationTests" name="(gapp.model.dao.ApplicationDaoTest$ApplicationTests)"/>
  <testcase time="0.003" classname="gapp.model.dao.DepartmentDaoTest$DepartmentDaoTests" name="(gapp.model.dao.DepartmentDaoTest$DepartmentDaoTests)"/>
  <testcase time="0.009" classname="gapp.model.dao.UserDaoTest$UserDaoTests" name="(gapp.model.dao.UserDaoTest$UserDaoTests)"/>
  <testcase time="0.004" classname="gapp.model.dao.UserDaoTest$UserDaoTests" name="(gapp.model.dao.UserDaoTest$UserDaoTests)"/>
</testsuite>