<?xml version="1.0" encoding="UTF-8"?>
<testng-results skipped="0" failed="0" total="1" passed="1">
  <reporter-output>
  </reporter-output>
  <suite name="Default suite" duration-ms="6967" started-at="2016-02-15T20:45:02Z" finished-at="2016-02-15T20:45:09Z">
    <groups>
      <group name="DepartmentDaoTest">
        <method signature="DepartmentDaoTest$DepartmentDaoTests.getDepartments()[pri:0, instance:gapp.model.dao.DepartmentDaoTest$DepartmentDaoTests@286094d]" name="getDepartments" class="gapp.model.dao.DepartmentDaoTest$DepartmentDaoTests"/>
      </group> <!-- DepartmentDaoTest -->
    </groups>
    <test name="Default test" duration-ms="6967" started-at="2016-02-15T20:45:02Z" finished-at="2016-02-15T20:45:09Z">
      <class name="gapp.model.dao.DepartmentDaoTest$DepartmentDaoTests">
        <test-method status="PASS" signature="springTestContextBeforeTestClass()[pri:0, instance:gapp.model.dao.DepartmentDaoTest$DepartmentDaoTests@286094d]" test-instance-name="" name="springTestContextBeforeTestClass" is-config="true" duration-ms="51" started-at="2016-02-15T12:45:02Z" finished-at="2016-02-15T12:45:02Z">
          <reporter-output>
          </reporter-output>
        </test-method> <!-- springTestContextBeforeTestClass -->
        <test-method name="springTestContextPrepareTestInstance" test-instance-name="" signature="springTestContextPrepareTestInstance()[pri:0, instance:gapp.model.dao.DepartmentDaoTest$DepartmentDaoTests@286094d]" is-config="true" status="PASS" duration-ms="5941" finished-at="2016-02-15T12:45:08Z" started-at="2016-02-15T12:45:02Z" depends-on-methods="org.springframework.test.context.testng.AbstractTestNGSpringContextTests.springTestContextBeforeTestClass">
          <reporter-output>
          </reporter-output>
        </test-method> <!-- springTestContextPrepareTestInstance -->
        <test-method status="PASS" signature="springTestContextBeforeTestMethod(java.lang.reflect.Method)[pri:0, instance:gapp.model.dao.DepartmentDaoTest$DepartmentDaoTests@286094d]" test-instance-name="" name="springTestContextBeforeTestMethod" is-config="true" duration-ms="275" started-at="2016-02-15T12:45:08Z" finished-at="2016-02-15T12:45:08Z">
          <params>
            <param index="0">
              <value>
                <![CDATA[public void gapp.model.dao.DepartmentDaoTest$DepartmentDaoTests.getDepartments()]]>
              </value>
            </param>
          </params>
          <reporter-output>
          </reporter-output>
        </test-method> <!-- springTestContextBeforeTestMethod -->
        <test-method status="PASS" signature="getDepartments()[pri:0, instance:gapp.model.dao.DepartmentDaoTest$DepartmentDaoTests@286094d]" test-instance-name="" name="getDepartments" duration-ms="633" started-at="2016-02-15T12:45:08Z" finished-at="2016-02-15T12:45:09Z">
          <reporter-output>
          </reporter-output>
        </test-method> <!-- getDepartments -->
        <test-method status="PASS" signature="springTestContextAfterTestMethod(java.lang.reflect.Method)[pri:0, instance:gapp.model.dao.DepartmentDaoTest$DepartmentDaoTests@286094d]" test-instance-name="" name="springTestContextAfterTestMethod" is-config="true" duration-ms="13" started-at="2016-02-15T12:45:09Z" finished-at="2016-02-15T12:45:09Z">
          <params>
            <param index="0">
              <value>
                <![CDATA[public void gapp.model.dao.DepartmentDaoTest$DepartmentDaoTests.getDepartments()]]>
              </value>
            </param>
          </params>
          <reporter-output>
          </reporter-output>
        </test-method> <!-- springTestContextAfterTestMethod -->
        <test-method status="PASS" signature="springTestContextAfterTestClass()[pri:0, instance:gapp.model.dao.DepartmentDaoTest$DepartmentDaoTests@286094d]" test-instance-name="" name="springTestContextAfterTestClass" is-config="true" duration-ms="1" started-at="2016-02-15T12:45:09Z" finished-at="2016-02-15T12:45:09Z">
          <reporter-output>
          </reporter-output>
        </test-method> <!-- springTestContextAfterTestClass -->
      </class> <!-- gapp.model.dao.DepartmentDaoTest$DepartmentDaoTests -->
    </test> <!-- Default test -->
  </suite> <!-- Default suite -->
</testng-results>
